\BOOKMARK [0][-]{chapter*.2}{Inapplicable\040data\040in\040a\040parsimony\040setting}{}% 1
\BOOKMARK [0][-]{chapter.1}{The\040Fitch\040algorithm}{}% 2
\BOOKMARK [1][-]{section.1.1}{Downpass}{chapter.1}% 3
\BOOKMARK [1][-]{section.1.2}{Uppass}{chapter.1}% 4
\BOOKMARK [1][-]{section.1.3}{Resolving\040ambiguous\040resolutions}{chapter.1}% 5
\BOOKMARK [0][-]{chapter.2}{Problems\040with\040the\040Fitch\040algorithm}{}% 6
\BOOKMARK [1][-]{section.2.1}{Red\040tails,\040blue\040tails}{chapter.2}% 7
\BOOKMARK [1][-]{section.2.2}{Reductive\040coding}{chapter.2}% 8
\BOOKMARK [1][-]{section.2.3}{Inapplicable\040as\040an\040extra\040state}{chapter.2}% 9
\BOOKMARK [1][-]{section.2.4}{A\040single\040multi-state\040character}{chapter.2}% 10
\BOOKMARK [1][-]{section.2.5}{Sankoff\040matrices}{chapter.2}% 11
\BOOKMARK [1][-]{section.2.6}{Why\040counting\040steps\040cannot\040work}{chapter.2}% 12
\BOOKMARK [1][-]{section.2.7}{Conclusion}{chapter.2}% 13
\BOOKMARK [0][-]{chapter.3}{A\040solution}{}% 14
\BOOKMARK [1][-]{section.3.1}{Minimising\040homoplasy}{chapter.3}% 15
\BOOKMARK [1][-]{section.3.2}{Algorithmic\040implementation}{chapter.3}% 16
\BOOKMARK [1][-]{section.3.3}{Software\040implementation}{chapter.3}% 17
\BOOKMARK [0][-]{chapter.4}{Coding\040data}{}% 18
\BOOKMARK [1][-]{section.4.1}{Multiple\040dependencies}{chapter.4}% 19
\BOOKMARK [1][-]{section.4.2}{Invariant\040characters\040can\040inform\040parsimony}{chapter.4}% 20
\BOOKMARK [1][-]{section.4.3}{Variable\040but\040`parsimony\040uninformative'\040characters\040can\040inform\040parsimony}{chapter.4}% 21
\BOOKMARK [1][-]{section.4.4}{This\040may\040not\040be\040desirable\040in\040neomorphic\040characters}{chapter.4}% 22
\BOOKMARK [0][-]{chapter.5}{Coding\040ambiguity}{}% 23
\BOOKMARK [1][-]{section.5.1}{Principal\040character\040ambiguous}{chapter.5}% 24
\BOOKMARK [1][-]{section.5.2}{Principal\040character\040known}{chapter.5}% 25
\BOOKMARK [1][-]{section.5.3}{Recommendation}{chapter.5}% 26
\BOOKMARK [0][-]{chapter.6}{Examples}{}% 27
\BOOKMARK [1][-]{section.6.1}{Some\040caterpillars}{chapter.6}% 28
\BOOKMARK [1][-]{section.6.2}{Three\040equally\040suboptimal\040alternatives}{chapter.6}% 29
\BOOKMARK [1][-]{section.6.3}{A\040better\040caterpillar\040tree}{chapter.6}% 30
\BOOKMARK [1][-]{section.6.4}{De\040Laet's\040caterpillars}{chapter.6}% 31
\BOOKMARK [0][-]{chapter*.3}{References}{}% 32
